SIOCADDRT: File exists
Exception in thread Thread-1:
Traceback (most recent call last):
  File "/usr/lib/python2.7/threading.py", line 810, in __bootstrap_inner
    self.run()
  File "/usr/lib/python2.7/threading.py", line 763, in run
    self.__target(*self.__args, **self.__kwargs)
  File "monitor.py", line 35, in stdinread
    line= sys.stdin.readline()
IOError: [Errno 9] Bad file descriptor

looking for motes
mote 0  ip is  aaaa::212:4b00:7a8:4b07
0 ['/sen/batmon/temp', 'Battery Temp', 'rt="C"']
1 ['/sen/batmon/voltage', 'Battery Voltage', 'rt="mV"']
2 ['/sen/adc/dio23', 'ADC DIO23', 'obs']
3 ['/dev/mdl/hw', 'Hardware version', 'rt="text"']
4 ['/dev/mdl/sw', 'Software version', 'rt="text"']
5 ['/dev/uptime', 'Uptime', 'rt="seconds"']
6 ['/dev/cfg_reset', 'Reset Device Config: POST', 'rt="Control"']
7 ['/net/parent/RSSI', 'Parent RSSI', 'rt="dBm"']
8 ['/net/parent/IPv6', 'Preferred Parent', 'rt="IPv6 address"']
9 ['/lt/g', 'Green LED', 'rt="Control"']
10 ['/lt/r', 'Red LED', 'rt="Control"']
11 ['/sen/bar/temp', 'Barometer (Temperature)', 'rt="C"']
12 ['/sen/bar/pres', 'Barometer (Pressure)', 'rt="hPa (hectopascal / millibar)"']
13 ['/sen/tmp/amb', 'Temperature (Ambient)', 'rt="C"']
14 ['/sen/tmp/obj', 'Temperature (Object)', 'rt="C"']
15 ['/sen/hdc/t', 'Temperature', 'rt="C"']
16 ['/sen/hdc/h', 'Humidity', 'rt="%RH"']
17 ['/sen/opt/light', 'Illuminance', 'rt="Lux"']
18 ['/sen/mpu/acc/x', 'Acc X', 'rt="G"']
19 ['/sen/mpu/acc/y', 'Acc Y', 'rt="G"']
20 ['/sen/mpu/acc/z', 'Acc Z', 'rt="G"']
21 ['/sen/mpu/gyro/x', 'Gyro X', 'rt="deg/sec"']
22 ['/sen/mpu/gyro/y', 'Gyro Y', 'rt="deg/sec"']
23 ['/sen/mpu/gyro/z', 'Gyro Z', 'rt="deg/sec"']
mote 1  ip is  aaaa::212:4b00:c66:f982
0 ['/sen/readings', 'Sensor Readings', 'obs']
1 ['/very_sleepy_config', 'Very sleepy conf: GET|POST mode=0|1&interval=<secs>&duration=<secs>', 'rt="Control"']
 1068
 26.218
 47.59
 1029.18
 0
 3273
 1068
 26.218
 47.59
 1029.21
 0
 3273
 1068
 26.218
 47.59
 1029.18
 0
 3273
 1069
 26.218
 47.59
 1029.21
 0
 3273
 1068
 26.218
 47.59
 1029.15
 0
 3273
 1069
 26.218
 47.59
 1029.15
 0
 3273
 1067
 26.218
 47.59
 1029.21
 0
 3273
 1068
 26.218
 47.59
 1029.26
 0
 3273
 1069
 26.218
 47.59
 1029.26
 0
 3273
 1069
 26.218
 47.59
 1029.23
 0
 3273
 1068
 26.218
 47.59
 1029.23
 0
 3273
 1069
 26.218
 47.59
 1029.23
 0
 3273
 1070
 26.218
 47.59
 1029.18
 0
 3273
 1069
 26.218
 47.59
 1029.21
 0
 3273
 1067
 26.218
 47.59
 1029.21
 0
 3273
 1068
 26.218
 47.59
 1029.23
 0
 3273
 1070
 26.218
 47.59
 1029.18
 0
 3273
 1068
 26.218
 47.59
 1029.18
 0
 3273
 1068
 26.218
 47.59
 1029.18
 0
 3273
 1069
 26.218
 47.49
 1029.18
 0
 3273
 1072
 26.218
 47.49
 1029.21
 0
 3273
 1068
 26.218
 47.59
 1029.21
 0
 3273
 1069
 26.218
 47.59
 1029.26
 0
 3273
 1068
 26.218
 47.59
 1029.24
 0
 3273
 1068
 26.218
 47.49
 1029.24
 0
 3273
 1070
 26.218
 47.49
 1029.21
 0
 3273
 1068
 26.218
 47.59
 1029.26
 0
 3273
 1069
 26.218
 47.49
 1029.13
 0
 3273
 1070
 26.218
 47.49
 1029.21
 0
 3273
 1068
 26.218
 47.59
 1029.21
 0
 3273
 1070
 26.218
 47.49
 1029.18
 0
 3273
 1070
 26.218
 47.49
 1029.18
 0
 3273
 1069
 26.218
 47.49
 1029.24
 0
 3273
 1068
 26.218
 47.49
 1029.24
 0
 3273
 1069
 26.218
 47.49
 1029.26
 0
 3273
 1066
 26.218
 47.49
 1029.26
 0
 3273
 1068
 26.218
 47.49
 1029.24
 0
 3273
 1067
 26.218
 47.49
 1029.18
 0
 3273
 1070
 26.218
 47.49
 1029.18
 0
 3273
 1073
 26.218
 47.49
 1029.18
 0
 3273
 1070
 26.218
 47.49
 1029.18
 0
 3273
 1066
 26.218
 47.49
 1029.21
 0
 3273
 1069
 {"ADC":{"v":1067,"u":"mV"}}
 26.218
 47.49
 1
 3273
 Source: ('aaaa::212:4b00:7a8:4b07', 5683)Destination: NoneType: ACKMID: 23301Code: CONTENTToken: NoneContent-Type: 0Payload: 0.00
 {"ADC":{"v":1067,"u":"mV"}}
 26.250
 47.49
 2
 3273
 Source: ('aaaa::212:4b00:7a8:4b07', 5683)Destination: NoneType: ACKMID: 23307Code: CONTENTToken: NoneContent-Type: 0Payload: 0.02
 {"ADC":{"v":1066,"u":"mV"}}
 26.218
 47.49
 3
 3273
 Source: ('aaaa::212:4b00:7a8:4b07', 5683)Destination: NoneType: ACKMID: 23313Code: CONTENTToken: NoneContent-Type: 0Payload: 0.00
 26.218
 47.49
 1029.21
 3
 3273
 1071
 26.218
 47.59
 1029.18
 3
 3273
 1072
 26.218
 47.59
 1029.21
 3
 3273
 1069
 {"ADC":{"v":1069,"u":"mV"}}
 26.218
 47.59
 4
 3273
 Source: ('aaaa::212:4b00:7a8:4b07', 5683)Destination: NoneType: ACKMID: 23337Code: CONTENTToken: NoneContent-Type: 0Payload: 0.89
 {"ADC":{"v":701,"u":"mV"}}
 26.218
 47.59
 5
 3273
 Source: ('aaaa::212:4b00:7a8:4b07', 5683)Destination: NoneType: ACKMID: 23343Code: CONTENTToken: NoneContent-Type: 0Payload: 0.98
 {"ADC":{"v":219,"u":"mV"}}
 26.218
 47.59
 6
 3273
 Source: ('aaaa::212:4b00:7a8:4b07', 5683)Destination: NoneType: ACKMID: 23349Code: CONTENTToken: NoneContent-Type: 0Payload: 1.00
 {"ADC":{"v":222,"u":"mV"}}
 26.218
 47.59
 7
 3273
 Source: ('aaaa::212:4b00:7a8:4b07', 5683)Destination: NoneType: ACKMID: 23355Code: CONTENTToken: NoneContent-Type: 0Payload: 1.00
 {"ADC":{"v":222,"u":"mV"}}
 26.218
 47.59
 8
 3273
 Source: ('aaaa::212:4b00:7a8:4b07', 5683)Destination: NoneType: ACKMID: 23361Code: CONTENTToken: NoneContent-Type: 0Payload: 0.94
 {"ADC":{"v":223,"u":"mV"}}
 26.218
 47.59
 9
 3273
 Source: ('aaaa::212:4b00:7a8:4b07', 5683)Destination: NoneType: ACKMID: 23367Code: CONTENTToken: NoneContent-Type: 0Payload: 0.95
 {"ADC":{"v":222,"u":"mV"}}
 26.218
 47.59
 10
 3273
 Source: ('aaaa::212:4b00:7a8:4b07', 5683)Destination: NoneType: ACKMID: 23373Code: CONTENTToken: NoneContent-Type: 0Payload: 0.95
 {"ADC":{"v":222,"u":"mV"}}
 26.218
 47.59
 11
 3273
 Source: ('aaaa::212:4b00:7a8:4b07', 5683)Destination: NoneType: ACKMID: 23379Code: CONTENTToken: NoneContent-Type: 0Payload: 1.03
 {"ADC":{"v":221,"u":"mV"}}
 26.187
 47.59
 12
 3273
 Source: ('aaaa::212:4b00:7a8:4b07', 5683)Destination: NoneType: ACKMID: 23385Code: CONTENTToken: NoneContent-Type: 0Payload: 0.92
 {"ADC":{"v":900,"u":"mV"}}
 26.187
 47.59
 13
 3273
 Source: ('aaaa::212:4b00:7a8:4b07', 5683)Destination: NoneType: ACKMID: 23391Code: CONTENTToken: NoneContent-Type: 0Payload: 0.98
 {"ADC":{"v":1303,"u":"mV"}}
 26.187
 47.59
 14
 3273
 Source: ('aaaa::212:4b00:7a8:4b07', 5683)Destination: NoneType: ACKMID: 23397Code: CONTENTToken: NoneContent-Type: 0Payload: 0.98
 {"ADC":{"v":658,"u":"mV"}}
 26.187
 47.59
 15
 3273
 Source: ('aaaa::212:4b00:7a8:4b07', 5683)Destination: NoneType: ACKMID: 23403Code: CONTENTToken: NoneContent-Type: 0Payload: 1.01
 {"ADC":{"v":175,"u":"mV"}}
 26.187
 47.59
 16
 3273
 Source: ('aaaa::212:4b00:7a8:4b07', 5683)Destination: NoneType: ACKMID: 23409Code: CONTENTToken: NoneContent-Type: 0Payload: 1.01
 {"ADC":{"v":178,"u":"mV"}}
 26.187
 47.59
 17
 3273
 Source: ('aaaa::212:4b00:7a8:4b07', 5683)Destination: NoneType: ACKMID: 23415Code: CONTENTToken: NoneContent-Type: 0Payload: 0.99
 {"ADC":{"v":178,"u":"mV"}}
 26.187
 47.59
 18
 3273
 Source: ('aaaa::212:4b00:7a8:4b07', 5683)Destination: NoneType: ACKMID: 23421Code: CONTENTToken: NoneContent-Type: 0Payload: 0.17
 {"ADC":{"v":180,"u":"mV"}}
 26.187
 47.59
 19
 3273
 Source: ('aaaa::212:4b00:7a8:4b07', 5683)Destination: NoneType: ACKMID: 23427Code: CONTENTToken: NoneContent-Type: 0Payload: 0.17
 {"ADC":{"v":180,"u":"mV"}}
 26.187
 47.59
 20
 3273
 Source: ('aaaa::212:4b00:7a8:4b07', 5683)Destination: NoneType: ACKMID: 23433Code: CONTENTToken: NoneContent-Type: 0Payload: 0.17
 {"ADC":{"v":178,"u":"mV"}}
 26.187
 47.49
 21
 3273
 Source: ('aaaa::212:4b00:7a8:4b07', 5683)Destination: NoneType: ACKMID: 23439Code: CONTENTToken: NoneContent-Type: 0Payload: 0.11
 {"ADC":{"v":179,"u":"mV"}}
 26.187
 47.49
 22
 3273
 Source: ('aaaa::212:4b00:7a8:4b07', 5683)Destination: NoneType: ACKMID: 23445Code: CONTENTToken: NoneContent-Type: 0Payload: 0.12
 {"ADC":{"v":178,"u":"mV"}}
 26.187
 47.49
 23
 3273
 Source: ('aaaa::212:4b00:7a8:4b07', 5683)Destination: NoneType: ACKMID: 23451Code: CONTENTToken: NoneContent-Type: 0Payload: 0.10
 {"ADC":{"v":180,"u":"mV"}}
 26.187
 47.59
 24
 3273
 Source: ('aaaa::212:4b00:7a8:4b07', 5683)Destination: NoneType: ACKMID: 23457Code: CONTENTToken: NoneContent-Type: 0Payload: 0.10
 {"ADC":{"v":179,"u":"mV"}}
 26.187
 47.49
 25
 3273
(GET)can't reach server
/sen/bar/pres
Traceback (most recent call last):
  File "monitor.py", line 82, in <module>
    line1=line1+' '+motes[i].get(12)[0]+'\n'
TypeError: 'NoneType' object has no attribute '__getitem__'
RTNETLINK answers: File exists
RTNETLINK answers: File exists
SIOCADDRT: File exists
Exception in thread Thread-1:
Traceback (most recent call last):
  File "/usr/lib/python2.7/threading.py", line 810, in __bootstrap_inner
    self.run()
  File "/usr/lib/python2.7/threading.py", line 763, in run
    self.__target(*self.__args, **self.__kwargs)
  File "monitor.py", line 35, in stdinread
    line= sys.stdin.readline()
IOError: [Errno 9] Bad file descriptor

looking for motes
mote 0  ip is  aaaa::212:4b00:c66:f982
0 ['/sen/readings', 'Sensor Readings', 'obs']
1 ['/very_sleepy_config', 'Very sleepy conf: GET|POST mode=0|1&interval=<secs>&duration=<secs>', 'rt="Control"']
mote 1  ip is  aaaa::212:4b00:7a8:4b07
0 ['/sen/batmon/temp', 'Battery Temp', 'rt="C"']
1 ['/sen/batmon/voltage', 'Battery Voltage', 'rt="mV"']
2 ['/sen/adc/dio23', 'ADC DIO23', 'obs']
3 ['/dev/mdl/hw', 'Hardware version', 'rt="text"']
4 ['/dev/mdl/sw', 'Software version', 'rt="text"']
5 ['/dev/uptime', 'Uptime', 'rt="seconds"']
6 ['/dev/cfg_reset', 'Reset Device Config: POST', 'rt="Control"']
7 ['/net/parent/RSSI', 'Parent RSSI', 'rt="dBm"']
8 ['/net/parent/IPv6', 'Preferred Parent', 'rt="IPv6 address"']
9 ['/lt/g', 'Green LED', 'rt="Control"']
10 ['/lt/r', 'Red LED', 'rt="Control"']
11 ['/sen/bar/temp', 'Barometer (Temperature)', 'rt="C"']
12 ['/sen/bar/pres', 'Barometer (Pressure)', 'rt="hPa (hectopascal / millibar)"']
13 ['/sen/tmp/amb', 'Temperature (Ambient)', 'rt="C"']
14 ['/sen/tmp/obj', 'Temperature (Object)', 'rt="C"']
15 ['/sen/hdc/t', 'Temperature', 'rt="C"']
16 ['/sen/hdc/h', 'Humidity', 'rt="%RH"']
17 ['/sen/opt/light', 'Illuminance', 'rt="Lux"']
18 ['/sen/mpu/acc/x', 'Acc X', 'rt="G"']
19 ['/sen/mpu/acc/y', 'Acc Y', 'rt="G"']
20 ['/sen/mpu/acc/z', 'Acc Z', 'rt="G"']
21 ['/sen/mpu/gyro/x', 'Gyro X', 'rt="deg/sec"']
22 ['/sen/mpu/gyro/y', 'Gyro Y', 'rt="deg/sec"']
23 ['/sen/mpu/gyro/z', 'Gyro Z', 'rt="deg/sec"']
 3114
 29.281
 27.45
 1029.31
 0
 3273
 3111
 29.281
 27.45
 1029.25
 0
 3273
 3112
 29.281
 27.45
 1029.31
 0
 3273
 3113
 29.281
 27.45
 1029.31
 0
 3273
 3114
 29.281
 27.45
 1029.28
 0
 3273
 3113
 29.281
 27.45
 1029.28
 0
 3273
 3115
 29.281
 27.45
 1029.28
 0
 3273
 3113
 29.281
 27.45
 1029.33
 0
 3273
 3110
 29.281
 27.45
 1029.22
 0
 3273
 3115
 29.281
 27.45
 1029.33
 0
 3273
 3112
 29.281
 27.45
 1029.33
 0
 3273
 3115
 29.281
 27.45
 1029.36
 0
 3273
 3113
 29.281
 27.45
 1029.22
 0
 3273
 3115
 29.281
 27.45
 1029.22
 0
 3273
 3114
 29.281
 27.45
 1029.30
 0
 3273
 3112
 29.281
 27.45
 1029.28
 0
 3273
 3110
 29.281
 27.45
 1029.28
 0
 3273
 3113
 29.281
 27.45
 1029.28
 0
 3273
 3114
 29.281
 27.45
 1029.30
 0
 3273
 3117
 29.281
 27.45
 1029.30
 0
 3273
 3113
 29.281
 27.45
 1029.28
 0
 3273
 3111
 29.281
 27.45
 1029.22
 0
 3273
 3114
 29.281
 27.45
 1029.22
 0
 3273
 3112
 29.281
 27.45
 1029.25
 0
 3273
 3111
 29.312
 27.45
 1029.25
 0
 3273
 3115
 29.312
 27.45
 1029.27
 0
 3273
 3113
 29.312
 27.45
 1029.30
 0
 3273
 3113
 29.312
 27.45
 1029.25
 0
 3273
 3116
 29.312
 27.45
 1029.27
 0
 3273
 3116
 29.312
 27.45
 1029.27
 0
 3273
 3111
 29.312
 27.45
 1029.27
 0
 3273
 3114
 29.312
 27.45
 1029.27
 0
 3273
 3114
 29.312
 27.45
 1029.27
 0
 3273
 3116
 29.312
 27.45
 1029.30
 0
 3273
 3113
 29.312
 27.45
 1029.30
 0
 3273
 3119
 29.312
 27.35
 1029.30
 0
 3273
 3114
 29.312
 27.45
 1029.30
 0
 3273
 3114
 29.312
 27.45
 1029.25
 0
 3273
 3114
 29.312
 27.35
 1029.25
 0
 3273
 3115
 29.312
 27.35
 1029.25
 0
 3273
 3113
 29.312
 27.35
 1029.25
 0
 3273
 3113
 29.312
 27.35
 1029.25
 0
 3273
 3111
 29.312
 27.35
 1029.25
 0
 3273
 3112
 29.312
 27.35
 1029.27
 0
 3273
 3111
 29.312
 27.35
 1029.38
 0
 3273
 3112
 29.343
 27.35
 1029.38
 0
 3273
 3114
 29.343
 27.35
 1029.30
 0
 3273
 3115
 29.343
 27.35
 1029.30
 0
 3273
 3112
 29.343
 27.35
 1029.27
 0
 3273
 3113
 29.343
 27.35
 1029.27
 0
 3273
 3112
 29.343
 27.35
 1029.33
 0
 3273
 3114
 29.343
 27.35
 1029.24
 0
 3273
 3113
 29.343
 27.35
 1029.27
 0
 3273
 3117
 29.343
 27.35
 1029.27
 0
 3273
 3113
 29.312
 27.35
 1029.30
 0
 3273
 3115
 29.312
 27.35
 1029.30
 0
 3273
 3114
 29.343
 27.35
 1029.27
 0
 3273
 3112
 29.343
 27.25
 1029.27
 0
 3273
 3119
 29.343
 27.25
 1029.27
 0
 3273
 3115
 29.343
 27.25
 1029.30
 0
 3273
 3113
 29.343
 27.25
 1029.30
 0
 3273
 3111
 29.343
 27.25
 1029.30
 0
 3273
 3114
 29.343
 27.25
 1029.27
 0
 3273
 3111
 29.343
 27.25
 1029.30
 0
 3273
 3113
 29.343
 27.25
 1029.30
 0
 3273
 3114
 29.343
 27.25
 1029.22
 0
 3273
 3112
 29.343
 27.25
 1029.24
 0
 3273
 3116
 29.343
 27.25
 1029.32
 0
 3273
 3114
 29.343
 27.16
 1029.27
 0
 3273
 3112
 29.343
 27.16
 1029.30
 0
 3273
 3113
 29.343
 27.16
 1029.30
 0
 3273
 3114
 29.343
 27.16
 1029.30
 0
 3273
 3113
 29.343
 27.16
 1029.24
 0
 3273
 3113
 29.343
 27.16
 1029.29
 0
 3273
 3114
 29.343
 27.16
 1029.29
 0
 3273
 3114
 29.343
 27.16
 1029.21
 0
 3273
 3113
 29.343
 27.16
 1029.22
 0
 3273
 3110
 29.343
 27.16
 1029.22
 0
 3273
 3112
 29.343
 27.16
 1029.30
 0
 3273
 3115
 29.343
 27.16
 1029.32
 0
 3273
 3112
 29.343
 27.16
 1029.32
 0
 3273
 3114
 29.343
 27.16
 1029.30
 0
 3273
 3112
 29.343
 27.16
 1029.21
 0
 3273
 3111
 29.343
 27.16
 1029.21
 0
 3273
 3115
 29.343
 27.16
 1029.29
 0
 3273
 3113
 29.343
 27.06
 1029.24
 0
 3273
 3111
 29.343
 27.06
 1029.24
 0
 3273
 3113
 29.343
 27.16
 1029.30
 0
 3273
 3115
 29.343
 27.16
 1029.27
 0
 3273
 3113
 29.375
 27.16
 1029.27
 0
 3273
 3113
 29.375
 27.16
 1029.30
 0
 3273
 3114
 29.375
 27.17
 1029.30
 0
 3273
 3114
 29.375
 27.17
 1029.38
 0
 3273
 3111
 29.375
 27.16
 1029.35
 0
 3273
 3115
 29.375
 27.16
 1029.35
 0
 3273
 3113
 29.375
 27.16
 1029.29
 0
 3273
 3113
 29.375
 27.16
 1029.32
 0
 3273
 3115
 29.375
 27.16
 1029.32
 0
 3273
 3114
 29.375
 27.16
 1029.32
 0
 3273
 3114
 29.375
 27.17
 1029.29
 0
 3273
 3112
 29.375
 27.17
 1029.35
 0
 3273
 3117
 29.375
 27.06
 1029.35
 0
 3273
 3112
 29.375
 27.06
 1029.35
 0
 3273
 3114
 29.375
 27.06
 1029.29
 0
 3273
 3113
 29.375
 27.08
 1029.32
 0
 3273
 3113
 29.375
 27.06
 1029.27
 0
 3273
 3115
 29.375
 27.06
 1029.27
 0
 3273
 3114
 29.375
 27.06
 1029.24
 0
 3273
 3113
 29.375
 27.06
 1029.24
 0
 3273
 3112
 29.375
 27.06
 1029.29
 0
 3273
 3116
 29.375
 27.06
 1029.29
 0
 3273
 3114
 29.375
 27.08
 1029.29
 0
 3273
 3114
 29.375
 27.06
 1029.32
 0
 3273
 3116
 29.375
 27.06
 1029.32
 0
 3273
 3113
 29.375
 27.06
 1029.35
 0
 3273
 3111
 29.375
 27.06
 1029.35
 0
 3273
 3113
 29.375
 27.06
 1029.32
 0
 3273
 3111
 29.375
 27.08
 1029.35
 0
 3273
 3113
 29.375
 27.08
 1029.35
 0
 3273
 3114
 29.375
 27.06
 1029.29
 0
 3273
 3114
 29.375
 27.08
 1029.27
 0
 3273
 3115
 29.375
 27.08
 1029.27
 0
 3273
 3114
 29.375
 26.98
 1029.32
 0
 3273
 3116
 29.375
 27.08
 1029.32
 0
 3273
 3114
 29.375
 27.08
 1029.26
 0
 3273
 3114
 29.375
 27.08
 1029.29
 0
 3273
 3114
 29.375
 27.08
 1029.32
 0
 3273
 3115
 29.375
 27.08
 1029.32
 0
 3273
 3115
 29.375
 27.08
 1029.35
 0
 3273
 3119
 29.375
 27.08
 1029.35
 0
 3273
 3114
 29.375
 27.08
 1029.32
 0
 3273
 3114
 29.375
 27.08
 1029.34
 0
 3273
 3117
 29.406
 27.08
 1029.34
 0
 3273
 3115
 29.406
 27.08
 1029.29
 0
 3273
 3111
 29.406
 27.08
 1029.29
 0
 3273
 3112
 29.406
 27.08
 1029.29
 0
 3273
 3115
 29.406
 27.08
 1029.26
 0
 3273
 3115
 29.406
 27.08
 1029.26
 0
 3273
 3113
 29.406
 27.08
 1029.34
 0
 3273
 3116
 29.406
 27.08
 1029.32
 0
 3273
 3112
 29.406
 27.08
 1029.31
 0
 3273
 3114
 29.406
 27.08
 1029.32
 0
 3273
 3111
 29.406
 27.08
 1029.32
 0
 3273
 3112
 29.406
 27.08
 1029.29
 0
 3273
 3113
 29.406
 27.08
 1029.32
 0
 3273
 3113
 29.406
 27.08
 1029.32
 0
 3273
 3114
 29.406
 27.08
 1029.29
 0
 3273
 3115
 29.406
 27.08
 1029.37
 0
 3273
 3110
 29.406
 27.08
 1029.23
 0
 3273
 3114
 29.406
 27.08
 1029.26
 0
 3273
 3114
 29.406
 26.98
 1029.26
 0
 3273
 3110
 29.406
 26.98
 1029.26
 0
 3273
 3113
 29.437
 26.98
 1029.23
 0
 3273
 3112
 29.437
 26.98
 1029.23
 0
 3273
 3113
 29.406
 26.98
 1029.31
 0
 3273
 3113
 29.406
 26.98
 1029.23
 0
 3273
 3115
 29.437
 26.98
 1029.23
 0
 3273
 3114
 29.437
 26.98
 1029.29
 0
 3273
 3115
 29.437
 26.98
 1029.31
 0
 3273
 3115
 29.437
 26.98
 1029.31
 0
 3273
 3116
 29.437
 26.98
 1029.32
 0
 3273
 3114
 29.437
 26.98
 1029.32
 0
 3273
 3112
 29.437
 26.98
 1029.32
 0
 3273
 3113
 29.437
 26.98
 1029.29
 0
 3273
 3110
 29.437
 26.98
 1029.29
 0
 3273
 3111
 29.437
 26.98
 1029.31
 0
 3273
 3117
 29.437
 26.98
 1029.31
 0
 3273
 3115
 29.437
 26.98
 1029.29
 0
 3273
 3113
 29.437
 26.98
 1029.29
 0
 3273
 3115
 29.437
 26.98
 1029.26
 0
 3273
 3110
 29.437
 26.98
 1029.29
 0
 3273
 3117
 29.437
 26.98
 1029.29
 0
 3273
 3116
 29.437
 26.98
 1029.29
 0
 3273
 3114
 29.437
 26.98
 1029.29
 0
 3273
 3114
 29.437
 26.98
 1029.26
 0
 3273
 3113
 29.437
 26.98
 1029.26
 0
 3273
 3109
 29.437
 26.98
 1029.26
 0
 3273
 3113
 29.437
 26.98
 1029.26
 0
 3273
 3116
 29.437
 26.98
 1029.26
 0
 3273
 3113
 29.437
 26.98
 1029.29
 0
 3273
 3113
 29.437
 26.98
 1029.31
 0
 3273
 3114
 29.437
 26.98
 1029.28
 0
 3273
 3113
 29.437
 26.98
 1029.28
 0
 3273
 3113
 29.437
 26.98
 1029.29
 0
 3273
 3112
 29.437
 26.98
 1029.29
 0
 3273
 3117
 29.437
 26.98
 1029.23
 0
 3273
 3115
 29.437
 26.98
 1029.29
 0
 3273
 3116
 29.437
 26.88
 1029.39
 0
 3273
 3112
 29.437
 26.88
 1029.31
 0
 3273
 3114
 29.437
 26.88
 1029.31
 0
 3273
 3113
 29.437
 26.88
 1029.29
 0
 3273
 3116
 29.437
 26.88
 1029.29
 0
 3273
 3114
 29.437
 26.88
 1029.34
 0
 3273
 3114
 29.437
 26.88
 1029.26
 0
 3273
 3112
 29.437
 26.88
 1029.26
 0
 3273
 3114
 29.437
 26.88
 1029.29
 0
 3273
 3112
 29.437
 26.88
 1029.29
 0
 3273
 3114
 29.437
 26.88
 1029.29
 0
 3273
 3113
 29.437
 26.88
 1029.29
 0
 3273
 3114
 29.437
 26.88
 1029.29
 0
 3273
 3113
 29.437
 26.88
 1029.23
 0
 3273
 3114
 29.437
 26.88
 1029.23
 0
 3273
 3114
 29.437
 26.78
 1029.29
 0
 3273
 3112
 29.437
 26.78
 1029.34
 0
 3273
 3114
 29.437
 26.78
 1029.31
 0
 3273
 3115
 29.437
 26.78
 1029.29
 0
 3273
 3113
 29.437
 26.78
 1029.29
 0
 3273
 3114
 29.437
 26.78
 1029.29
 0
 3273
 3114
 29.437
 26.78
 1029.29
 0
 3273
 3114
 29.437
 26.78
 1029.29
 0
 3273
 3119
 29.437
 26.78
 1029.34
 0
 3273
 3114
 29.437
 26.78
 1029.34
 0
 3273
 3113
 29.437
 26.78
 1029.23
 0
 3273
 3111
 29.437
 26.88
 1029.32
 0
 3273
 3113
 29.437
 26.88
 1029.32
 0
 3273
 3113
 29.437
 26.88
 1029.26
 0
 3273
 3114
 29.437
 26.88
 1029.26
 0
 3273
 3112
 29.437
 26.88
 1029.31
 0
 3273
 3112
 29.437
 26.88
 1029.31
 0
 3273
 3116
 29.437
 26.88
 1029.31
 0
 3273
 3113
 29.437
 26.88
 1029.31
 0
 3273
 3117
 29.437
 26.88
 1029.29
 0
 3273
 3115
 29.437
 26.88
 1029.29
 0
 3273
 3113
 29.437
 26.88
 1029.31
 0
 3273
 3112
 29.437
 26.88
 1029.37
 0
 3273
 3114
 29.437
 26.88
 1029.26
 0
 3273
 3115
 29.437
 26.88
 1029.37
 0
 3273
 3113
 29.437
 26.88
 1029.31
 0
 3273
 3116
 29.437
 26.88
 1029.31
 0
 3273
 3114
 29.437
 26.88
 1029.31
 0
 3273
 3113
 29.437
 26.88
 1029.31
 0
 3273
 3115
 29.437
 26.88
 1029.34
 0
 3273
 3116
 29.437
 26.88
 1029.34
 0
 3273
 3111
 29.437
 26.98
 1029.32
 0
 3273
 3112
 29.437
 26.98
 1029.29
 0
 3273
 3115
 29.437
 26.98
 1029.29
 0
 3273
 3112
 29.437
 26.98
 1029.34
 0
 3273
 3113
 29.437
 26.98
 1029.34
 0
 3273
 3114
 29.437
 26.98
 1029.31
 0
 3273
 3116
 29.437
 26.98
 1029.26
 0
 3273
 3114
 29.437
 26.98
 1029.31
 0
 3273
 3111
 29.437
 26.98
 1029.31
 0
 3273
 3114
 29.437
 26.98
 1029.29
 0
 3273
 3114
 29.437
 26.98
 1029.29
 0
 3273
 3116
 29.437
 26.98
 1029.32
 0
 3273
 3114
 29.437
 26.98
 1029.34
 0
 3273
 3115
 29.437
 26.98
 1029.31
 0
 3273
 3111
 29.437
 26.98
 1029.34
 0
 3273
 3109
 29.437
 26.98
 1029.34
 0
 3273
 3113
 29.437
 26.98
 1029.29
 0
 3273
 3112
 29.468
 27.08
 1029.29
 0
 3273
 3109
 29.468
 27.08
 1029.34
 0
 3273
 3112
 29.468
 27.08
 1029.31
 0
 3273
 3113
 29.468
 27.08
 1029.28
 0
 3273
 3117
 29.468
 27.08
 1029.32
 0
 3273
 3112
 29.468
 27.08
 1029.34
 0
 3273
 3116
 29.468
 27.08
 1029.34
 0
 3273
 3114
 29.468
 27.08
 1029.37
 0
 3273
 3112
 29.468
 27.08
 1029.37
 0
 3273
 3116
 29.468
 27.08
 1029.31
 0
 3273
 3117
 29.468
 27.08
 1029.34
 0
 3273
 3112
 29.468
 27.08
 1029.28
 0
 3273
 3114
 29.468
 27.08
 1029.28
 0
 3273
 3112
 29.468
 27.08
 1029.29
 0
 3273
 3113
 29.468
 27.08
 1029.28
 0
 3273
 3111
 29.468
 27.08
 1029.29
 0
 3273
 3111
 29.468
 27.08
 1029.26
 0
 3273
 3114
 29.468
 27.08
 1029.34
 0
 3273
 3112
 29.468
 27.08
 1029.34
 0
 3273
 3116
 29.468
 27.08
 1029.34
 0
 3273
 3113
 29.468
 27.08
 1029.31
 0
 3273
 3111
 29.468
 27.08
 1029.37
 0
 3273
 3112
 29.468
 27.08
 1029.37
 0
 3273
 3116
 29.468
 27.08
 1029.28
 0
 3273
 3114
 29.468
 27.08
 1029.34
 0
 3273
 3114
 29.468
 27.08
 1029.34
 0
 3273
 3113
 29.468
 27.08
 1029.37
 0
 3273
 3116
 29.468
 27.08
 10No handlers could be found for logger "coapthon.client.coap"
29.37
 0
 3273
 3114
 29.468
 27.08
 1029.37
 0
 3273
 3111
 29.468
 27.08
 1029.29
 0
 3273
 3110
 29.468
 27.08
 1029.29
 0
 3273
 3113
 29.468
 27.08
 1029.34
 0
 3273
 3113
 29.468
 27.08
 1029.34
 0
 3273
 3115
 29.468
 27.08
 1029.29
 0
 3273
 3112
 29.468
 27.08
 1029.29
 0
 3273
 3111
 29.468
 26.98
 1029.37
 0
 3273
 3115
 29.468
 26.98
 1029.23
 0
 3273
 3112
 29.468
 26.98
 1029.28
 0
 3273
 3113
 29.468
 26.98
 1029.28
 0
 3273
 3113
 29.468
 26.98
 1029.28
 0
 3273
 3113
 29.468
 26.98
 1029.28
 0
 3273
 3114
 29.468
 26.98
 1029.28
 0
 3273
 3115
 29.468
 26.98
 1029.31
 0
 3273
 3113
 29.468
 26.98
 1029.28
 0
 3273
 3115
 29.468
 26.98
 1029.34
 0
 3273
 3111
 29.468
 26.98
 1029.34
 0
 3273
 3112
 29.468
 26.98
 1029.31
 0
 3273
 3111
 29.468
 26.98
 1029.31
 0
 3273
 3113
 29.468
 26.98
 1029.28
 0
 3273
 3115
 29.468
 26.98
 1029.28
 0
 3273
 3110
 29.468
 26.88
 1029.31
 0
 3273
 3114
 29.468
 26.88
 1029.31
 0
 3273
 3113
 29.468
 26.88
 1029.31
 0
 3273
 3111
 29.468
 26.88
 1029.25
 0
 3273
 3112
 29.468
 26.88
 1029.25
 0
 3273
 3114
 29.468
 26.88
 1029.28
 0
 3273
 3117
 29.468
 26.88
 1029.28
 0
 3273
 3114
 29.468
 26.88
 1029.28
 0
 3273
 3114
 29.468
 26.88
 1029.28
 0
 3273
 3114
 29.468
 26.88
 1029.28
 0
 3273
 3115
 29.468
 26.88
 1029.31
 0
 3273
 3114
 29.468
 26.88
 1029.31
 0
 3273
 3113
 29.468
 26.88
 1029.28
 0
 3273
 3115
 29.468
 26.88
 1029.22
 0
 3273
 3112
 29.468
 26.88
 1029.28
 0
 3273
 3112
 29.468
 26.88
 1029.23
 0
 3273
 3114
 29.468
 26.88
 1029.23
 0
 3273
 3113
 29.500
 26.88
 1029.31
 0
 3273
 3111
 29.500
 26.88
 1029.34
 0
 3273
 3113
 29.500
 26.88
 1029.31
 0
 3273
 3112
 29.500
 26.88
 1029.28
 0
 3273
 3114
 29.500
 26.88
 1029.33
 0
 3273
 3112
 29.468
 26.88
 1029.33
 0
 3273
 3116
 29.468
 26.88
 1029.28
 0
 3273
 3115
 29.500
 26.88
 1029.31
 0
 3273
 3114
 29.500
 26.88
 1029.31
 0
 3273
 3111
 29.500
 26.88
 1029.28
 0
 3273
 3114
 29.500
 26.88
 1029.28
 0
 3273
 3114
 29.500
 26.88
 1029.28
 0
 3273
 3114
 29.500
 26.88
 1029.31
 0
 3273
 3111
 29.500
 26.78
 1029.28
 0
 3273
 3114
 29.500
 26.78
 1029.28
 0
 3273
 3111
 29.500
 26.78
 1029.31
 0
 3273
 3116
 29.500
 26.78
 1029.31
 0
 3273
 3114
 29.500
 26.78
 1029.25
 0
 3273
 3114
 29.500
 26.78
 1029.28
 0
 3273
 3116
 29.500
 26.78
 1029.22
 0
 3273
 3114
 29.500
 26.78
 1029.28
 0
 3273
 3114
 29.500
 26.78
 1029.28
 0
 3273
 3114
 29.500
 26.78
 1029.31
 0
 3273
 3114
 29.500
 26.88
 1029.28
 0
 3273
 3116
 29.500
 26.88
 1029.22
 0
 3273
 3113
 29.500
 26.88
 1029.31
 0
 3273
 3114
 29.500
 26.88
 1029.28
 0
 3273
 3114
 29.500
 26.88
 1029.25
 0
 3273
 3114
 29.500
 26.88
 1029.25
 0
 3273
 3116
 29.500
 26.88
 1029.36
 0
 3273
 3113
 29.500
 26.88
 1029.36
 0
 3273
 3111
 29.500
 26.88
 1029.25
 0
 3273
 3114
 29.500
 26.88
 1029.25
 0
 3273
 3111
 29.500
 26.88
 1029.31
 0
 3273
 3114
 29.500
 26.88
 1029.31
 0
 3273
 3115
 29.500
 26.88
 1029.31
 0
 3273
 3114
 29.500
 26.88
 1029.28
 0
 3273
 3113
 29.500
 26.88
 1029.28
 0
 3273
 3110
 29.500
 26.88
 1029.25
 0
 3273
 3110
 29.500
 26.88
 1029.28
 0
 3273
 3115
 29.500
 26.88
 1029.28
 0
 3273
 3114
 29.500
 26.88
 1029.25
 0
 3273
 3111
 29.500
 26.88
 1029.25
 0
 3273
 3115
 29.531
 26.88
 1029.25
 0
 3273
 3112
 29.531
 26.88
 1029.25
 0
 3273
 3116
 29.500
 26.88
 1029.25
 0
 3273
 3114
 29.500
 26.88
 1029.25
 0
 3273
 3111
 29.500
 26.88
 1029.25
 0
 3273
 3118
 29.531
 26.98
 1029.30
 0
 3273
 3114
 29.531
 26.98
 1029.30
 0
 3273
 3117
 29.500
 26.98
 1029.28
 0
 3273
 3117
 29.500
 26.98
 1029.28
 0
 3273
 3115
 29.500
 26.98
 1029.33
 0
 3273
 3116
 29.500
 26.98
 1029.33
 0
 3273
 3116
 29.500
 26.98
 1029.22
 0
 3273
 3111
 29.500
 26.98
 1029.22
 0
 3273
 3115
 29.500
 26.98
 1029.33
 0
 3273
 3114
 29.500
 26.88
 1029.33
 0
 3273
 3115
 29.500
 26.88
 1029.33
 0
 3273
 3113
 29.500
 26.88
 1029.36
 0
 3273
 3114
 29.500
 26.88
 1029.36
 0
 3273
 3115
 29.500
 26.88
 1029.33
 0
 3273
 3113
 29.531
 26.88
 1029.33
 0
 3273
 3113
 29.531
 26.88
 1029.30
 0
 3273
 3113
 29.500
 26.78
 1029.30
 0
 3273
 3111
 29.500
 26.78
 1029.30
 0
 3273
 3113
 29.531
 26.78
 1029.30
 0
 3273
 3116
 29.531
 26.78
 1029.27
 0
 3273
 3113
 29.531
 26.78
 1029.33
 0
 3273
 3115
 29.531
 26.78
 1029.33
 0
 3273
 3117
 29.531
 26.78
 1029.33
 0
 3273
 3113
 29.531
 26.69
 1029.33
 0
 3273
 3112
 29.531
 26.69
 1029.38
 0
 3273
 3113
 29.531
 26.69
 1029.38
 0
 3273
 3112
 29.531
 26.69
 1029.27
 0
 3273
 3111
 29.531
 26.59
 1029.27
 0
 3273
 3114
 29.531
 26.59
 1029.30
 0
 3273
 3113
 29.531
 26.59
 1029.33
 0
 3273
 3111
 29.531
 26.59
 1029.30
 0
 3273
 3114
 29.531
 26.59
 1029.30
 0
 3273
 3113
 29.531
 26.59
 1029.32
 0
 3273
 3113
 29.531
 26.59
 1029.32
 0
 3273
 3114
 {"ADC":{"v":3112,"u":"mV"}}
 29.531
 26.49
 1
 3273
 Source: ('aaaa::212:4b00:7a8:4b07', 5683)Destination: NoneType: ACKMID: 49663Code: CONTENTToken: NoneContent-Type: 0Payload: -0.19
 {"ADC":{"v":3115,"u":"mV"}}
 29.531
 26.49
 2
 3273
 Source: ('aaaa::212:4b00:7a8:4b07', 5683)Destination: NoneType: ACKMID: 49669Code: CONTENTToken: NoneContent-Type: 0Payload: -0.19
 {"ADC":{"v":3115,"u":"mV"}}
 29.531
 26.49
 3
 3273
 Source: ('aaaa::212:4b00:7a8:4b07', 5683)Destination: NoneType: ACKMID: 49675Code: CONTENTToken: NoneContent-Type: 0Payload: -0.19
 {"ADC":{"v":3115,"u":"mV"}}
 29.531
 26.49
 4
 3273
 Source: ('aaaa::212:4b00:7a8:4b07', 5683)Destination: NoneType: ACKMID: 49681Code: CONTENTToken: NoneContent-Type: 0Payload: -0.21
 {"ADC":{"v":3115,"u":"mV"}}
 29.531
 26.49
 4
 3273
 Source: ('aaaa::212:4b00:7a8:4b07', 5683)Destination: NoneType: ACKMID: 49685Code: CONTENTToken: NoneContent-Type: 0Payload: 1029.30
 {"ADC":{"v":3111,"u":"mV"}}
 29.562
 26.39
 5
 3273
 Source: ('aaaa::212:4b00:7a8:4b07', 5683)Destination: NoneType: ACKMID: 49693Code: CONTENTToken: NoneContent-Type: 0Payload: -0.15
 {"ADC":{"v":3113,"u":"mV"}}
 29.562
 26.39
 6
 3273
 Source: ('aaaa::212:4b00:7a8:4b07', 5683)Destination: NoneType: ACKMID: 49699Code: CONTENTToken: NoneContent-Type: 0Payload: -0.16
 {"ADC":{"v":3114,"u":"mV"}}
 26.39
 1029.30
 6
 3273
 3115
 29.562
 26.39
 1029.35
 6
 3273
 3112
 29.562
 26.39
 1029.35
 6
 3273
 Source: ('aaaa::212:4b00:7a8:4b07', 5683)Destination: NoneType: ACKMID: 49717Code: CONTENTToken: NoneContent-Type: 0Payload: -0.17
 {"ADC":{"v":3114,"u":"mV"}}
 29.562
 26.39
 7
 3273
 Source: ('aaaa::212:4b00:7a8:4b07', 5683)Destination: NoneType: ACKMID: 49723Code: CONTENTToken: NoneContent-Type: 0Payload: -0.17
 {"ADC":{"v":3114,"u":"mV"}}
 29.562
 26.30
 8
 3273
 Source: ('aaaa::212:4b00:7a8:4b07', 5683)Destination: NoneType: ACKMID: 49729Code: CONTENTToken: NoneContent-Type: 0Payload: -0.20
 {"ADC":{"v":3115,"u":"mV"}}
 26.30
 1029.30
 8
 3273
 3115
 29.562
 26.30
 1029.30
 8
 3273
 3111
 29.562
 29.562
 26.30
 9
 3273
 Source: ('aaaa::212:4b00:7a8:4b07', 5683)Destination: NoneType: ACKMID: 49747Code: CONTENTToken: NoneContent-Type: 0Payload: -0.19
 {"ADC":{"v":3115,"u":"mV"}}
 29.562
 26.30
 10
 3273
 Source: ('aaaa::212:4b00:7a8:4b07', 5683)Destination: NoneType: ACKMID: 49753Code: CONTENTToken: NoneContent-Type: 0Payload: -0.17
 {"ADC":{"v":3111,"u":"mV"}}
 29.562
 26.30
 11
 3273
 Source: ('aaaa::212:4b00:7a8:4b07', 5683)Destination: NoneType: ACKMID: 49759Code: CONTENTToken: NoneContent-Type: 0Payload: -0.21
 {"ADC":{"v":3113,"u":"mV"}}
 29.562
 26.30
 12
 3273
 Source: ('aaaa::212:4b00:7a8:4b07', 5683)Destination: NoneType: ACKMID: 49765Code: CONTENTToken: NoneContent-Type: 0Payload: -0.19
 {"ADC":{"v":3116,"u":"mV"}}
 29.562
 26.20
 13
 3273
 Source: ('aaaa::212:4b00:7a8:4b07', 5683)Destination: NoneType: ACKMID: 49771Code: CONTENTToken: NoneContent-Type: 0Payload: -0.18
 {"ADC":{"v":3115,"u":"mV"}}
 29.562
 26.20
 14
 3273
 Source: ('aaaa::212:4b00:7a8:4b07', 5683)Destination: NoneType: ACKMID: 49777Code: CONTENTToken: NoneContent-Type: 0Payload: -0.18
 {"ADC":{"v":3114,"u":"mV"}}
 29.562
 26.20
 15
 3273
 Source: ('aaaa::212:4b00:7a8:4b07', 5683)Destination: NoneType: ACKMID: 49783Code: CONTENTToken: NoneContent-Type: 0Payload: -0.18
 {"ADC":{"v":3114,"u":"mV"}}
 29.562
 26.20
 16
 3273
 Source: ('aaaa::212:4b00:7a8:4b07', 5683)Destination: NoneType: ACKMID: 49789Code: CONTENTToken: NoneContent-Type: 0Payload: -0.16
 {"ADC":{"v":3114,"u":"mV"}}
 29.562
 26.20
 17
 3273
 Source: ('aaaa::212:4b00:7a8:4b07', 5683)Destination: NoneType: ACKMID: 49795Code: CONTENTToken: NoneContent-Type: 0Payload: -0.15
 {"ADC":{"v":3114,"u":"mV"}}
 29.562
 26.20
 18
 3273
 Source: ('aaaa::212:4b00:7a8:4b07', 5683)Destination: NoneType: ACKMID: 49801Code: CONTENTToken: NoneContent-Type: 0Payload: -0.15
 {"ADC":{"v":3114,"u":"mV"}}
 29.562
 26.20
 19
 3273
 Source: ('aaaa::212:4b00:7a8:4b07', 5683)Destination: NoneType: ACKMID: 49807Code: CONTENTToken: NoneContent-Type: 0Payload: -0.16
 29.562
 26.20
 1029.32
 19
 3273
 3111
 29.562
 {"ADC":{"v":3110,"u":"mV"}}
 26.20
 20
 3273
 Source: ('aaaa::212:4b00:7a8:4b07', 5683)Destination: NoneType: ACKMID: 49819Code: CONTENTToken: NoneContent-Type: 0Payload: -0.19
 {"ADC":{"v":3110,"u":"mV"}}
 29.562
 26.20
 21
 3273
 Source: ('aaaa::212:4b00:7a8:4b07', 5683)Destination: NoneType: ACKMID: 49825Code: CONTENTToken: NoneContent-Type: 0Payload: -0.19
 {"ADC":{"v":3115,"u":"mV"}}
 26.20
 1029.30
 21
 3273
 3112
 29.562
 26.20
 1029.32
 21
 3273
 3118
 29.562
 26.20
 1029.32
 21
 3273
 Source: ('aaaa::212:4b00:7a8:4b07', 5683)Destination: NoneType: ACKMID: 49827Code: CONTENTToken: NoneContent-Type: 0Payload: 29.562
 {"ADC":{"v":3118,"u":"mV"}}
 29.562
 26.20
 22
 3273
 Source: ('aaaa::212:4b00:7a8:4b07', 5683)Destination: NoneType: ACKMID: 49849Code: CONTENTToken: NoneContent-Type: 0Payload: -0.18
 {"ADC":{"v":3112,"u":"mV"}}
 29.562
 26.20
 23
 3273
 Source: ('aaaa::212:4b00:7a8:4b07', 5683)Destination: NoneType: ACKMID: 49855Code: CONTENTToken: NoneContent-Type: 0Payload: -0.16
 {"ADC":{"v":3112,"u":"mV"}}
 29.562
 26.20
 24
 3273
 Source: ('aaaa::212:4b00:7a8:4b07', 5683)Destination: NoneType: ACKMID: 49861Code: CONTENTToken: NoneContent-Type: 0Payload: -0.16
 {"ADC":{"v":3112,"u":"mV"}}
 29.562
 26.10
 25
 3273
 Source: ('aaaa::212:4b00:7a8:4b07', 5683)Destination: NoneType: ACKMID: 49867Code: CONTENTToken: NoneContent-Type: 0Payload: -0.16
 {"ADC":{"v":3114,"u":"mV"}}
 29.562
 26.10
 26
 3273
 Source: ('aaaa::212:4b00:7a8:4b07', 5683)Destination: NoneType: ACKMID: 49873Code: CONTENTToken: NoneContent-Type: 0Payload: -0.16
 {"ADC":{"v":3113,"u":"mV"}}
 29.562
 26.10
 27
 3273
 Source: ('aaaa::212:4b00:7a8:4b07', 5683)Destination: NoneType: ACKMID: 49879Code: CONTENTToken: NoneContent-Type: 0Payload: -0.18
 29.562
 26.10
 1029.35
 27
 3273
 3113
 29.562
 26.10
 1029.32
 27
 3273
 3116
 29.562
 {"ADC":{"v":3116,"u":"mV"}}
 26.10
 28
 3273
 Source: ('aaaa::212:4b00:7a8:4b07', 5683)Destination: NoneType: ACKMID: 49897Code: CONTENTToken: NoneContent-Type: 0Payload: -0.16
 {"ADC":{"v":3111,"u":"mV"}}
 29.562
 26.10
 29
 3273
 Source: ('aaaa::212:4b00:7a8:4b07', 5683)Destination: NoneType: ACKMID: 49903Code: CONTENTToken: NoneContent-Type: 0Payload: -0.16
 {"ADC":{"v":3113,"u":"mV"}}
 29.562
 26.10
 30
 3273
 Source: ('aaaa::212:4b00:7a8:4b07', 5683)Destination: NoneType: ACKMID: 49909Code: CONTENTToken: NoneContent-Type: 0Payload: -0.15
 {"ADC":{"v":3117,"u":"mV"}}
 29.593
 26.10
 31
 3273
 Source: ('aaaa::212:4b00:7a8:4b07', 5683)Destination: NoneType: ACKMID: 49915Code: CONTENTToken: NoneContent-Type: 0Payload: -0.15
 {"ADC":{"v":3115,"u":"mV"}}
 29.593
 26.10
 32
 3273
 Source: ('aaaa::212:4b00:7a8:4b07', 5683)Destination: NoneType: ACKMID: 49921Code: CONTENTToken: NoneContent-Type: 0Payload: -0.21
 {"ADC":{"v":3113,"u":"mV"}}
 29.593
 26.10
 33
 3273
 Source: ('aaaa::212:4b00:7a8:4b07', 5683)Destination: NoneType: ACKMID: 49927Code: CONTENTToken: NoneContent-Type: 0Payload: -0.21
 {"ADC":{"v":3112,"u":"mV"}}
 26.10
 1029.30
 33
 3273
 3112
 29.593
 26.10
 1029.35
 33
 3273
 3115
 29.593
 29.593
 26.10
 34
 3273
 Source: ('aaaa::212:4b00:7a8:4b07', 5683)Destination: NoneType: ACKMID: 49944Code: CONTENTToken: NoneContent-Type: 0Payload: -0.15
 -0.15
 {"ADC":{"v":3114,"u":"mV"}}
 29.593
 34
 3273
 Source: ('aaaa::212:4b00:7a8:4b07', 5683)Destination: NoneType: ACKMID: 49950Code: CONTENTToken: NoneContent-Type: 0Payload: -0.15
 -0.15
 {"ADC":{"v":3113,"u":"mV"}}
 29.593
 35
 3273
 Source: ('aaaa::212:4b00:7a8:4b07', 5683)Destination: NoneType: ACKMID: 49957Code: CONTENTToken: NoneContent-Type: 0Payload: -0.17
 {"ADC":{"v":3115,"u":"mV"}}
 29.593
 26.10
 35
 3273
 Source: ('aaaa::212:4b00:7a8:4b07', 5683)Destination: NoneType: ACKMID: 49963Code: CONTENTToken: NoneContent-Type: 0Payload: -0.17
 {"ADC":{"v":3115,"u":"mV"}}
 29.593
 26.10
 36
 3273
 Source: ('aaaa::212:4b00:7a8:4b07', 5683)Destination: NoneType: ACKMID: 49969Code: CONTENTToken: NoneContent-Type: 0Payload: -0.15
 -0.15
 {"ADC":{"v":3114,"u":"mV"}}
 29.593
 37
 3273
 Source: ('aaaa::212:4b00:7a8:4b07', 5683)Destination: NoneType: ACKMID: 49975Code: CONTENTToken: NoneContent-Type: 0Payload: -0.18
 {"ADC":{"v":3114,"u":"mV"}}
 26.00
 1029.32
 38
 3273
 Source: ('aaaa::212:4b00:7a8:4b07', 5683)Destination: NoneType: ACKMID: 49974Code: CONTENTToken: NoneContent-Type: 0Payload: -0.17
 29.593
 29.593
 26.00
 39
 3273
Traceback (most recent call last):
  File "monitor.py", line 86, in <module>
    if(abs(float(motes[i].get(18)[0])-x)>0.9): pushup+=1
ValueError: could not convert string to float: {"ADC":{"v":3115,"u":"mV"}}
